[00:00:31] [RCON Listener #1/INFO]: Rcon connection from: /0:0:0:0:0:0:0:1
[00:00:31] [Server thread/INFO]: Rcon: Stopping the server..
[00:00:31] [Server thread/INFO]: [GG DEV]: Flushing data for GG Util
[00:00:31] [Server thread/INFO]: [GG DEV]: Finished flushing data for GG Util
[00:00:31] [Server thread/INFO]: Stopping server
[00:00:31] [Server thread/INFO]: [Multiverse-Portals] Disabling Multiverse-Portals v2.5-b699
[00:00:31] [Server thread/INFO]: [EssentialsAntiBuild] Disabling EssentialsAntiBuild v2.13.1
[00:00:31] [Server thread/INFO]: [Multiverse-Core] Disabling Multiverse-Core v2.5-b691
[00:00:31] [Server thread/INFO]: [EssentialsChat] Disabling EssentialsChat v2.13.1
[00:00:31] [Server thread/INFO]: [EssentialsSpawn] Disabling EssentialsSpawn v2.13.1
[00:00:31] [Server thread/INFO]: [EssentialsProtect] Disabling EssentialsProtect v2.13.1
[00:00:31] [Server thread/INFO]: [Essentials] Disabling Essentials v2.13.1
[00:00:31] [Server thread/INFO]: Saving players
[00:00:31] [Server thread/INFO]: Saving worlds
[00:00:31] [Server thread/INFO]: Saving chunks for level 'world'/Overworld
[00:00:31] [Server thread/INFO]: Saving chunks for level 'DIM-37'/Spirit World
[00:00:31] [Server thread/INFO]: Saving chunks for level 'DIM-38'/Torment
[00:00:31] [Server thread/INFO]: Saving chunks for level 'DIM-39'/Mirror
[00:00:31] [Server thread/INFO]: Saving chunks for level 'DIM-42'/The Outer Lands
[00:00:31] [Server thread/INFO]: Saving chunks for level 'DIM-112'/The Last Millenium
[00:00:31] [Server thread/INFO]: Saving chunks for level 'DIM7'/Twilight Forest
[00:00:31] [Server thread/INFO]: Saving chunks for level 'DIM-1'/Nether
[00:00:32] [Server thread/INFO]: Saving chunks for level 'DIM4'/Dungeons
[00:00:32] [Server thread/INFO]: Saving chunks for level 'DIM3'/Aether
[00:00:32] [Server thread/INFO]: Saving chunks for level 'DIM1'/The End
[00:00:32] [Server thread/INFO]: Saving chunks for level 'iceland'/Overworld
[00:00:32] [Server thread/INFO]: Saving chunks for level 'DIM-30'/Asteroids
[00:00:32] [Server thread/INFO]: Saving chunks for level 'DIM-29'/Mars
[00:00:32] [Server thread/INFO]: Saving chunks for level 'DIM-28'/Moon
[00:00:32] [Server thread/INFO]: Unloading dimension 0
[00:00:32] [Server thread/INFO]: Unloading dimension -1
[00:00:32] [Server thread/INFO]: Unloading dimension 1
[00:00:32] [Server thread/INFO]: Unloading dimension -30
[00:00:32] [Server thread/INFO]: Unloading dimension -37
[00:00:32] [Server thread/INFO]: Unloading dimension -38
[00:00:32] [Server thread/INFO]: Unloading dimension -39
[00:00:32] [Server thread/INFO]: Unloading dimension -42
[00:00:32] [Server thread/INFO]: Unloading dimension -112
[00:00:32] [Server thread/INFO]: Unloading dimension 7
[00:00:32] [Server thread/INFO]: Unloading dimension 5
[00:00:32] [Server thread/INFO]: Unloading dimension 4
[00:00:32] [Server thread/INFO]: Unloading dimension 3
[00:00:32] [Server thread/INFO]: Unloading dimension -28
[00:00:32] [Server thread/INFO]: Unloading dimension -29
[00:00:32] [Server thread/INFO]: Applying holder lookups
[00:00:32] [Server thread/INFO]: Holder lookups applied
[00:00:32] [pool-23-thread-1/INFO]: ServerChannelRegister: Dimensional Transceiver data saved to /opt/minecraft-server/server/skytekx-server/./world/enderio/dimensionalTransceiver.json
[00:00:32] [Server thread/INFO]: Unregistered Dimension: -30
[00:00:32] [Server thread/INFO]: Unregistered Dimension: -29
[00:00:32] [Server thread/INFO]: Unregistered Dimension: -28
